mode: set
github.com/ZeCarlos88/bookings/internal/forms/errors.go:5.44,7.2 1 1
github.com/ZeCarlos88/bookings/internal/forms/errors.go:9.42,11.18 2 1
github.com/ZeCarlos88/bookings/internal/forms/errors.go:14.2,14.14 1 1
github.com/ZeCarlos88/bookings/internal/forms/errors.go:11.18,13.3 1 1
github.com/ZeCarlos88/bookings/internal/forms/forms.go:16.33,21.2 1 1
github.com/ZeCarlos88/bookings/internal/forms/forms.go:23.43,24.31 1 1
github.com/ZeCarlos88/bookings/internal/forms/forms.go:24.31,26.37 2 1
github.com/ZeCarlos88/bookings/internal/forms/forms.go:26.37,28.4 1 1
github.com/ZeCarlos88/bookings/internal/forms/forms.go:32.39,34.13 2 1
github.com/ZeCarlos88/bookings/internal/forms/forms.go:37.2,37.13 1 1
github.com/ZeCarlos88/bookings/internal/forms/forms.go:34.13,36.3 1 1
github.com/ZeCarlos88/bookings/internal/forms/forms.go:40.29,42.2 1 1
github.com/ZeCarlos88/bookings/internal/forms/forms.go:44.57,46.21 2 1
github.com/ZeCarlos88/bookings/internal/forms/forms.go:50.2,50.13 1 1
github.com/ZeCarlos88/bookings/internal/forms/forms.go:46.21,49.3 2 1
github.com/ZeCarlos88/bookings/internal/forms/forms.go:53.38,54.40 1 1
github.com/ZeCarlos88/bookings/internal/forms/forms.go:54.40,56.3 1 1
